<?xml version="1.0" encoding="UTF-8"?>
<!-- Generated by org.testng.reporters.JUnitReportReporter -->
<testsuite skipped="0" hostname="IMPETUS-N475" name="Com.np.qa.Testcases.HomepageTest" tests="1" failures="0" timestamp="04 Feb 2019 10:21:59 GMT" time="22.256" errors="0">
  <testcase name="HomepageTitle" time="22.256" classname="Com.np.qa.Testcases.HomepageTest"/>
</testsuite> <!-- Com.np.qa.Testcases.HomepageTest -->
