<?xml version="1.0" encoding="UTF-8"?>
<!-- Generated by org.testng.reporters.JUnitReportReporter -->
<testsuite skipped="0" hostname="IMPETUS-N475" name="Com.np.qa.Testcases.HomepageTest" tests="9" failures="0" timestamp="29 Apr 2019 11:19:58 GMT" time="113.714" errors="0">
  <testcase name="HomepageTitle" time="10.939" classname="Com.np.qa.Testcases.HomepageTest"/>
  <testcase name="Category1tiletitle" time="12.325" classname="Com.np.qa.Testcases.HomepageTest"/>
  <testcase name="Category2tiletitle" time="12.784" classname="Com.np.qa.Testcases.HomepageTest"/>
  <testcase name="Category3tiletitle" time="15.824" classname="Com.np.qa.Testcases.HomepageTest"/>
  <testcase name="Category4tiletitle" time="13.330" classname="Com.np.qa.Testcases.HomepageTest"/>
  <testcase name="Category5tiletitle" time="13.019" classname="Com.np.qa.Testcases.HomepageTest"/>
  <testcase name="Category6tiletitle" time="11.610" classname="Com.np.qa.Testcases.HomepageTest"/>
  <testcase name="Category8tiletitle" time="12.231" classname="Com.np.qa.Testcases.HomepageTest"/>
  <testcase name="Category7tiletitle" time="11.652" classname="Com.np.qa.Testcases.HomepageTest"/>
</testsuite> <!-- Com.np.qa.Testcases.HomepageTest -->
